<?xml version="1.0" encoding="UTF-8"?>
<testsuite name="pt.diogo.marketplace.controller.ProductControllerTest" tests="1" skipped="0" failures="0" errors="0" timestamp="2024-06-15T11:58:22" hostname="diogo" time="0.632">
  <properties/>
  <testcase name="getProductById()" classname="pt.diogo.marketplace.controller.ProductControllerTest" time="0.632"/>
  <system-out><![CDATA[12:58:19.103 [Test worker] INFO org.springframework.test.context.support.AnnotationConfigContextLoaderUtils -- Could not detect default configuration classes for test class [pt.diogo.marketplace.controller.ProductControllerTest]: ProductControllerTest does not declare any static, non-private, non-final, nested classes annotated with @Configuration.
12:58:19.214 [Test worker] INFO org.springframework.boot.test.context.SpringBootTestContextBootstrapper -- Found @SpringBootConfiguration pt.diogo.marketplace.MarketplaceApplication for test class pt.diogo.marketplace.controller.ProductControllerTest
  .   ____          _            __ _ _
 /\\ / ___'_ __ _ _(_)_ __  __ _ \ \ \ \
( ( )\___ | '_ | '_| | '_ \/ _` | \ \ \ \
 \\/  ___)| |_)| | | | | || (_| |  ) ) ) )
  '  |____| .__|_| |_|_| |_\__, | / / / /
 =========|_|==============|___/=/_/_/_/

 :: Spring Boot ::                (v3.3.0)

2024-06-15T12:58:19.516+01:00  INFO 72198 --- [marketplace] [    Test worker] p.d.m.controller.ProductControllerTest   : Starting ProductControllerTest using Java 21.0.2 with PID 72198 (started by diogo in /home/diogo/Área de Trabalho/Desenvolvimento/Projetos/Kotlin/marketplace)
2024-06-15T12:58:19.518+01:00  INFO 72198 --- [marketplace] [    Test worker] p.d.m.controller.ProductControllerTest   : No active profile set, falling back to 1 default profile: "default"
2024-06-15T12:58:20.152+01:00  INFO 72198 --- [marketplace] [    Test worker] .s.d.r.c.RepositoryConfigurationDelegate : Bootstrapping Spring Data JPA repositories in DEFAULT mode.
2024-06-15T12:58:20.204+01:00  INFO 72198 --- [marketplace] [    Test worker] .s.d.r.c.RepositoryConfigurationDelegate : Finished Spring Data repository scanning in 45 ms. Found 2 JPA repository interfaces.
2024-06-15T12:58:20.578+01:00  INFO 72198 --- [marketplace] [    Test worker] o.hibernate.jpa.internal.util.LogHelper  : HHH000204: Processing PersistenceUnitInfo [name: default]
2024-06-15T12:58:20.614+01:00  INFO 72198 --- [marketplace] [    Test worker] org.hibernate.Version                    : HHH000412: Hibernate ORM core version 6.5.2.Final
2024-06-15T12:58:20.641+01:00  INFO 72198 --- [marketplace] [    Test worker] o.h.c.internal.RegionFactoryInitiator    : HHH000026: Second-level cache disabled
2024-06-15T12:58:20.690+01:00 DEBUG 72198 --- [marketplace] [    Test worker] org.hibernate.type.BasicTypeRegistry     : Adding type registration boolean -> org.hibernate.type.BasicTypeReference@727986ad
2024-06-15T12:58:20.691+01:00 DEBUG 72198 --- [marketplace] [    Test worker] org.hibernate.type.BasicTypeRegistry     : Adding type registration boolean -> org.hibernate.type.BasicTypeReference@727986ad
2024-06-15T12:58:20.691+01:00 DEBUG 72198 --- [marketplace] [    Test worker] org.hibernate.type.BasicTypeRegistry     : Adding type registration java.lang.Boolean -> org.hibernate.type.BasicTypeReference@727986ad
2024-06-15T12:58:20.691+01:00 DEBUG 72198 --- [marketplace] [    Test worker] org.hibernate.type.BasicTypeRegistry     : Adding type registration numeric_boolean -> org.hibernate.type.BasicTypeReference@1600a8a2
2024-06-15T12:58:20.691+01:00 DEBUG 72198 --- [marketplace] [    Test worker] org.hibernate.type.BasicTypeRegistry     : Adding type registration org.hibernate.type.NumericBooleanConverter -> org.hibernate.type.BasicTypeReference@1600a8a2
2024-06-15T12:58:20.691+01:00 DEBUG 72198 --- [marketplace] [    Test worker] org.hibernate.type.BasicTypeRegistry     : Adding type registration true_false -> org.hibernate.type.BasicTypeReference@6b25ef1c
2024-06-15T12:58:20.691+01:00 DEBUG 72198 --- [marketplace] [    Test worker] org.hibernate.type.BasicTypeRegistry     : Adding type registration org.hibernate.type.TrueFalseConverter -> org.hibernate.type.BasicTypeReference@6b25ef1c
2024-06-15T12:58:20.691+01:00 DEBUG 72198 --- [marketplace] [    Test worker] org.hibernate.type.BasicTypeRegistry     : Adding type registration yes_no -> org.hibernate.type.BasicTypeReference@56b1e527
2024-06-15T12:58:20.691+01:00 DEBUG 72198 --- [marketplace] [    Test worker] org.hibernate.type.BasicTypeRegistry     : Adding type registration org.hibernate.type.YesNoConverter -> org.hibernate.type.BasicTypeReference@56b1e527
2024-06-15T12:58:20.692+01:00 DEBUG 72198 --- [marketplace] [    Test worker] org.hibernate.type.BasicTypeRegistry     : Adding type registration byte -> org.hibernate.type.BasicTypeReference@68c34db2
2024-06-15T12:58:20.692+01:00 DEBUG 72198 --- [marketplace] [    Test worker] org.hibernate.type.BasicTypeRegistry     : Adding type registration byte -> org.hibernate.type.BasicTypeReference@68c34db2
2024-06-15T12:58:20.692+01:00 DEBUG 72198 --- [marketplace] [    Test worker] org.hibernate.type.BasicTypeRegistry     : Adding type registration java.lang.Byte -> org.hibernate.type.BasicTypeReference@68c34db2
2024-06-15T12:58:20.692+01:00 DEBUG 72198 --- [marketplace] [    Test worker] org.hibernate.type.BasicTypeRegistry     : Adding type registration binary -> org.hibernate.type.BasicTypeReference@7b95bdb0
2024-06-15T12:58:20.692+01:00 DEBUG 72198 --- [marketplace] [    Test worker] org.hibernate.type.BasicTypeRegistry     : Adding type registration byte[] -> org.hibernate.type.BasicTypeReference@7b95bdb0
2024-06-15T12:58:20.692+01:00 DEBUG 72198 --- [marketplace] [    Test worker] org.hibernate.type.BasicTypeRegistry     : Adding type registration [B -> org.hibernate.type.BasicTypeReference@7b95bdb0
2024-06-15T12:58:20.693+01:00 DEBUG 72198 --- [marketplace] [    Test worker] org.hibernate.type.BasicTypeRegistry     : Adding type registration binary_wrapper -> org.hibernate.type.BasicTypeReference@3f0ce0d1
2024-06-15T12:58:20.693+01:00 DEBUG 72198 --- [marketplace] [    Test worker] org.hibernate.type.BasicTypeRegistry     : Adding type registration wrapper-binary -> org.hibernate.type.BasicTypeReference@3f0ce0d1
2024-06-15T12:58:20.693+01:00 DEBUG 72198 --- [marketplace] [    Test worker] org.hibernate.type.BasicTypeRegistry     : Adding type registration image -> org.hibernate.type.BasicTypeReference@664db2ca
2024-06-15T12:58:20.693+01:00 DEBUG 72198 --- [marketplace] [    Test worker] org.hibernate.type.BasicTypeRegistry     : Adding type registration blob -> org.hibernate.type.BasicTypeReference@1491cd6c
2024-06-15T12:58:20.693+01:00 DEBUG 72198 --- [marketplace] [    Test worker] org.hibernate.type.BasicTypeRegistry     : Adding type registration java.sql.Blob -> org.hibernate.type.BasicTypeReference@1491cd6c
2024-06-15T12:58:20.693+01:00 DEBUG 72198 --- [marketplace] [    Test worker] org.hibernate.type.BasicTypeRegistry     : Adding type registration materialized_blob -> org.hibernate.type.BasicTypeReference@423f8a73
2024-06-15T12:58:20.693+01:00 DEBUG 72198 --- [marketplace] [    Test worker] org.hibernate.type.BasicTypeRegistry     : Adding type registration materialized_blob_wrapper -> org.hibernate.type.BasicTypeReference@1aedf08d
2024-06-15T12:58:20.694+01:00 DEBUG 72198 --- [marketplace] [    Test worker] org.hibernate.type.BasicTypeRegistry     : Adding type registration short -> org.hibernate.type.BasicTypeReference@113dcaf8
2024-06-15T12:58:20.694+01:00 DEBUG 72198 --- [marketplace] [    Test worker] org.hibernate.type.BasicTypeRegistry     : Adding type registration short -> org.hibernate.type.BasicTypeReference@113dcaf8
2024-06-15T12:58:20.694+01:00 DEBUG 72198 --- [marketplace] [    Test worker] org.hibernate.type.BasicTypeRegistry     : Adding type registration java.lang.Short -> org.hibernate.type.BasicTypeReference@113dcaf8
2024-06-15T12:58:20.694+01:00 DEBUG 72198 --- [marketplace] [    Test worker] org.hibernate.type.BasicTypeRegistry     : Adding type registration integer -> org.hibernate.type.BasicTypeReference@b5d9f1e
2024-06-15T12:58:20.694+01:00 DEBUG 72198 --- [marketplace] [    Test worker] org.hibernate.type.BasicTypeRegistry     : Adding type registration int -> org.hibernate.type.BasicTypeReference@b5d9f1e
2024-06-15T12:58:20.694+01:00 DEBUG 72198 --- [marketplace] [    Test worker] org.hibernate.type.BasicTypeRegistry     : Adding type registration java.lang.Integer -> org.hibernate.type.BasicTypeReference@b5d9f1e
2024-06-15T12:58:20.694+01:00 DEBUG 72198 --- [marketplace] [    Test worker] org.hibernate.type.BasicTypeRegistry     : Adding type registration long -> org.hibernate.type.BasicTypeReference@350ff014
2024-06-15T12:58:20.694+01:00 DEBUG 72198 --- [marketplace] [    Test worker] org.hibernate.type.BasicTypeRegistry     : Adding type registration long -> org.hibernate.type.BasicTypeReference@350ff014
2024-06-15T12:58:20.695+01:00 DEBUG 72198 --- [marketplace] [    Test worker] org.hibernate.type.BasicTypeRegistry     : Adding type registration java.lang.Long -> org.hibernate.type.BasicTypeReference@350ff014
2024-06-15T12:58:20.695+01:00 DEBUG 72198 --- [marketplace] [    Test worker] org.hibernate.type.BasicTypeRegistry     : Adding type registration float -> org.hibernate.type.BasicTypeReference@401317a0
2024-06-15T12:58:20.695+01:00 DEBUG 72198 --- [marketplace] [    Test worker] org.hibernate.type.BasicTypeRegistry     : Adding type registration float -> org.hibernate.type.BasicTypeReference@401317a0
2024-06-15T12:58:20.695+01:00 DEBUG 72198 --- [marketplace] [    Test worker] org.hibernate.type.BasicTypeRegistry     : Adding type registration java.lang.Float -> org.hibernate.type.BasicTypeReference@401317a0
2024-06-15T12:58:20.695+01:00 DEBUG 72198 --- [marketplace] [    Test worker] org.hibernate.type.BasicTypeRegistry     : Adding type registration double -> org.hibernate.type.BasicTypeReference@3f866f50
2024-06-15T12:58:20.695+01:00 DEBUG 72198 --- [marketplace] [    Test worker] org.hibernate.type.BasicTypeRegistry     : Adding type registration double -> org.hibernate.type.BasicTypeReference@3f866f50
2024-06-15T12:58:20.695+01:00 DEBUG 72198 --- [marketplace] [    Test worker] org.hibernate.type.BasicTypeRegistry     : Adding type registration java.lang.Double -> org.hibernate.type.BasicTypeReference@3f866f50
2024-06-15T12:58:20.695+01:00 DEBUG 72198 --- [marketplace] [    Test worker] org.hibernate.type.BasicTypeRegistry     : Adding type registration big_integer -> org.hibernate.type.BasicTypeReference@5844a2d1
2024-06-15T12:58:20.695+01:00 DEBUG 72198 --- [marketplace] [    Test worker] org.hibernate.type.BasicTypeRegistry     : Adding type registration java.math.BigInteger -> org.hibernate.type.BasicTypeReference@5844a2d1
2024-06-15T12:58:20.696+01:00 DEBUG 72198 --- [marketplace] [    Test worker] org.hibernate.type.BasicTypeRegistry     : Adding type registration big_decimal -> org.hibernate.type.BasicTypeReference@1201769d
2024-06-15T12:58:20.696+01:00 DEBUG 72198 --- [marketplace] [    Test worker] org.hibernate.type.BasicTypeRegistry     : Adding type registration java.math.BigDecimal -> org.hibernate.type.BasicTypeReference@1201769d
2024-06-15T12:58:20.696+01:00 DEBUG 72198 --- [marketplace] [    Test worker] org.hibernate.type.BasicTypeRegistry     : Adding type registration character -> org.hibernate.type.BasicTypeReference@4af7dd6a
2024-06-15T12:58:20.696+01:00 DEBUG 72198 --- [marketplace] [    Test worker] org.hibernate.type.BasicTypeRegistry     : Adding type registration char -> org.hibernate.type.BasicTypeReference@4af7dd6a
2024-06-15T12:58:20.696+01:00 DEBUG 72198 --- [marketplace] [    Test worker] org.hibernate.type.BasicTypeRegistry     : Adding type registration java.lang.Character -> org.hibernate.type.BasicTypeReference@4af7dd6a
2024-06-15T12:58:20.696+01:00 DEBUG 72198 --- [marketplace] [    Test worker] org.hibernate.type.BasicTypeRegistry     : Adding type registration character_nchar -> org.hibernate.type.BasicTypeReference@4607d78b
2024-06-15T12:58:20.696+01:00 DEBUG 72198 --- [marketplace] [    Test worker] org.hibernate.type.BasicTypeRegistry     : Adding type registration string -> org.hibernate.type.BasicTypeReference@3b28b7b0
2024-06-15T12:58:20.697+01:00 DEBUG 72198 --- [marketplace] [    Test worker] org.hibernate.type.BasicTypeRegistry     : Adding type registration java.lang.String -> org.hibernate.type.BasicTypeReference@3b28b7b0
2024-06-15T12:58:20.697+01:00 DEBUG 72198 --- [marketplace] [    Test worker] org.hibernate.type.BasicTypeRegistry     : Adding type registration nstring -> org.hibernate.type.BasicTypeReference@22048bd6
2024-06-15T12:58:20.697+01:00 DEBUG 72198 --- [marketplace] [    Test worker] org.hibernate.type.BasicTypeRegistry     : Adding type registration characters -> org.hibernate.type.BasicTypeReference@566c1e71
2024-06-15T12:58:20.697+01:00 DEBUG 72198 --- [marketplace] [    Test worker] org.hibernate.type.BasicTypeRegistry     : Adding type registration char[] -> org.hibernate.type.BasicTypeReference@566c1e71
2024-06-15T12:58:20.697+01:00 DEBUG 72198 --- [marketplace] [    Test worker] org.hibernate.type.BasicTypeRegistry     : Adding type registration [C -> org.hibernate.type.BasicTypeReference@566c1e71
2024-06-15T12:58:20.697+01:00 DEBUG 72198 --- [marketplace] [    Test worker] org.hibernate.type.BasicTypeRegistry     : Adding type registration wrapper-characters -> org.hibernate.type.BasicTypeReference@2e2f20b8
2024-06-15T12:58:20.698+01:00 DEBUG 72198 --- [marketplace] [    Test worker] org.hibernate.type.BasicTypeRegistry     : Adding type registration text -> org.hibernate.type.BasicTypeReference@504497fa
2024-06-15T12:58:20.698+01:00 DEBUG 72198 --- [marketplace] [    Test worker] org.hibernate.type.BasicTypeRegistry     : Adding type registration ntext -> org.hibernate.type.BasicTypeReference@5618fc1f
2024-06-15T12:58:20.698+01:00 DEBUG 72198 --- [marketplace] [    Test worker] org.hibernate.type.BasicTypeRegistry     : Adding type registration clob -> org.hibernate.type.BasicTypeReference@60b1ff3b
2024-06-15T12:58:20.698+01:00 DEBUG 72198 --- [marketplace] [    Test worker] org.hibernate.type.BasicTypeRegistry     : Adding type registration java.sql.Clob -> org.hibernate.type.BasicTypeReference@60b1ff3b
2024-06-15T12:58:20.698+01:00 DEBUG 72198 --- [marketplace] [    Test worker] org.hibernate.type.BasicTypeRegistry     : Adding type registration nclob -> org.hibernate.type.BasicTypeReference@374c3975
2024-06-15T12:58:20.699+01:00 DEBUG 72198 --- [marketplace] [    Test worker] org.hibernate.type.BasicTypeRegistry     : Adding type registration java.sql.NClob -> org.hibernate.type.BasicTypeReference@374c3975
2024-06-15T12:58:20.699+01:00 DEBUG 72198 --- [marketplace] [    Test worker] org.hibernate.type.BasicTypeRegistry     : Adding type registration materialized_clob -> org.hibernate.type.BasicTypeReference@43c39321
2024-06-15T12:58:20.699+01:00 DEBUG 72198 --- [marketplace] [    Test worker] org.hibernate.type.BasicTypeRegistry     : Adding type registration materialized_clob_char_array -> org.hibernate.type.BasicTypeReference@52aa7742
2024-06-15T12:58:20.699+01:00 DEBUG 72198 --- [marketplace] [    Test worker] org.hibernate.type.BasicTypeRegistry     : Adding type registration materialized_clob_character_array -> org.hibernate.type.BasicTypeReference@3d0d120b
2024-06-15T12:58:20.699+01:00 DEBUG 72198 --- [marketplace] [    Test worker] org.hibernate.type.BasicTypeRegistry     : Adding type registration materialized_nclob -> org.hibernate.type.BasicTypeReference@6b5c134e
2024-06-15T12:58:20.700+01:00 DEBUG 72198 --- [marketplace] [    Test worker] org.hibernate.type.BasicTypeRegistry     : Adding type registration materialized_nclob_character_array -> org.hibernate.type.BasicTypeReference@34d9df9f
2024-06-15T12:58:20.700+01:00 DEBUG 72198 --- [marketplace] [    Test worker] org.hibernate.type.BasicTypeRegistry     : Adding type registration materialized_nclob_char_array -> org.hibernate.type.BasicTypeReference@35c8be21
2024-06-15T12:58:20.700+01:00 DEBUG 72198 --- [marketplace] [    Test worker] org.hibernate.type.BasicTypeRegistry     : Adding type registration Duration -> org.hibernate.type.BasicTypeReference@60807fd9
2024-06-15T12:58:20.700+01:00 DEBUG 72198 --- [marketplace] [    Test worker] org.hibernate.type.BasicTypeRegistry     : Adding type registration java.time.Duration -> org.hibernate.type.BasicTypeReference@60807fd9
2024-06-15T12:58:20.701+01:00 DEBUG 72198 --- [marketplace] [    Test worker] org.hibernate.type.BasicTypeRegistry     : Adding type registration LocalDateTime -> org.hibernate.type.BasicTypeReference@6bcdd6e4
2024-06-15T12:58:20.701+01:00 DEBUG 72198 --- [marketplace] [    Test worker] org.hibernate.type.BasicTypeRegistry     : Adding type registration java.time.LocalDateTime -> org.hibernate.type.BasicTypeReference@6bcdd6e4
2024-06-15T12:58:20.701+01:00 DEBUG 72198 --- [marketplace] [    Test worker] org.hibernate.type.BasicTypeRegistry     : Adding type registration LocalDate -> org.hibernate.type.BasicTypeReference@1192c925
2024-06-15T12:58:20.701+01:00 DEBUG 72198 --- [marketplace] [    Test worker] org.hibernate.type.BasicTypeRegistry     : Adding type registration java.time.LocalDate -> org.hibernate.type.BasicTypeReference@1192c925
2024-06-15T12:58:20.702+01:00 DEBUG 72198 --- [marketplace] [    Test worker] org.hibernate.type.BasicTypeRegistry     : Adding type registration LocalTime -> org.hibernate.type.BasicTypeReference@615b5480
2024-06-15T12:58:20.702+01:00 DEBUG 72198 --- [marketplace] [    Test worker] org.hibernate.type.BasicTypeRegistry     : Adding type registration java.time.LocalTime -> org.hibernate.type.BasicTypeReference@615b5480
2024-06-15T12:58:20.702+01:00 DEBUG 72198 --- [marketplace] [    Test worker] org.hibernate.type.BasicTypeRegistry     : Adding type registration OffsetDateTime -> org.hibernate.type.BasicTypeReference@24691c5
2024-06-15T12:58:20.702+01:00 DEBUG 72198 --- [marketplace] [    Test worker] org.hibernate.type.BasicTypeRegistry     : Adding type registration java.time.OffsetDateTime -> org.hibernate.type.BasicTypeReference@24691c5
2024-06-15T12:58:20.702+01:00 DEBUG 72198 --- [marketplace] [    Test worker] org.hibernate.type.BasicTypeRegistry     : Adding type registration OffsetDateTimeWithTimezone -> org.hibernate.type.BasicTypeReference@7b91d9f
2024-06-15T12:58:20.702+01:00 DEBUG 72198 --- [marketplace] [    Test worker] org.hibernate.type.BasicTypeRegistry     : Adding type registration OffsetDateTimeWithoutTimezone -> org.hibernate.type.BasicTypeReference@6537ac
2024-06-15T12:58:20.703+01:00 DEBUG 72198 --- [marketplace] [    Test worker] org.hibernate.type.BasicTypeRegistry     : Adding type registration OffsetTime -> org.hibernate.type.BasicTypeReference@3b218c74
2024-06-15T12:58:20.703+01:00 DEBUG 72198 --- [marketplace] [    Test worker] org.hibernate.type.BasicTypeRegistry     : Adding type registration java.time.OffsetTime -> org.hibernate.type.BasicTypeReference@3b218c74
2024-06-15T12:58:20.703+01:00 DEBUG 72198 --- [marketplace] [    Test worker] org.hibernate.type.BasicTypeRegistry     : Adding type registration OffsetTimeUtc -> org.hibernate.type.BasicTypeReference@ddffa6c
2024-06-15T12:58:20.703+01:00 DEBUG 72198 --- [marketplace] [    Test worker] org.hibernate.type.BasicTypeRegistry     : Adding type registration OffsetTimeWithTimezone -> org.hibernate.type.BasicTypeReference@42c54bad
2024-06-15T12:58:20.703+01:00 DEBUG 72198 --- [marketplace] [    Test worker] org.hibernate.type.BasicTypeRegistry     : Adding type registration OffsetTimeWithoutTimezone -> org.hibernate.type.BasicTypeReference@6bb4cc0e
2024-06-15T12:58:20.703+01:00 DEBUG 72198 --- [marketplace] [    Test worker] org.hibernate.type.BasicTypeRegistry     : Adding type registration ZonedDateTime -> org.hibernate.type.BasicTypeReference@5cc1bf20
2024-06-15T12:58:20.704+01:00 DEBUG 72198 --- [marketplace] [    Test worker] org.hibernate.type.BasicTypeRegistry     : Adding type registration java.time.ZonedDateTime -> org.hibernate.type.BasicTypeReference@5cc1bf20
2024-06-15T12:58:20.704+01:00 DEBUG 72198 --- [marketplace] [    Test worker] org.hibernate.type.BasicTypeRegistry     : Adding type registration ZonedDateTimeWithTimezone -> org.hibernate.type.BasicTypeReference@2e3f324e
2024-06-15T12:58:20.704+01:00 DEBUG 72198 --- [marketplace] [    Test worker] org.hibernate.type.BasicTypeRegistry     : Adding type registration ZonedDateTimeWithoutTimezone -> org.hibernate.type.BasicTypeReference@46cf8c07
2024-06-15T12:58:20.704+01:00 DEBUG 72198 --- [marketplace] [    Test worker] org.hibernate.type.BasicTypeRegistry     : Adding type registration date -> org.hibernate.type.BasicTypeReference@b56ec6c
2024-06-15T12:58:20.704+01:00 DEBUG 72198 --- [marketplace] [    Test worker] org.hibernate.type.BasicTypeRegistry     : Adding type registration java.sql.Date -> org.hibernate.type.BasicTypeReference@b56ec6c
2024-06-15T12:58:20.705+01:00 DEBUG 72198 --- [marketplace] [    Test worker] org.hibernate.type.BasicTypeRegistry     : Adding type registration time -> org.hibernate.type.BasicTypeReference@5abf6a99
2024-06-15T12:58:20.705+01:00 DEBUG 72198 --- [marketplace] [    Test worker] org.hibernate.type.BasicTypeRegistry     : Adding type registration java.sql.Time -> org.hibernate.type.BasicTypeReference@5abf6a99
2024-06-15T12:58:20.705+01:00 DEBUG 72198 --- [marketplace] [    Test worker] org.hibernate.type.BasicTypeRegistry     : Adding type registration timestamp -> org.hibernate.type.BasicTypeReference@dc59ec2
2024-06-15T12:58:20.705+01:00 DEBUG 72198 --- [marketplace] [    Test worker] org.hibernate.type.BasicTypeRegistry     : Adding type registration java.sql.Timestamp -> org.hibernate.type.BasicTypeReference@dc59ec2
2024-06-15T12:58:20.705+01:00 DEBUG 72198 --- [marketplace] [    Test worker] org.hibernate.type.BasicTypeRegistry     : Adding type registration java.util.Date -> org.hibernate.type.BasicTypeReference@dc59ec2
2024-06-15T12:58:20.705+01:00 DEBUG 72198 --- [marketplace] [    Test worker] org.hibernate.type.BasicTypeRegistry     : Adding type registration calendar -> org.hibernate.type.BasicTypeReference@375084c9
2024-06-15T12:58:20.705+01:00 DEBUG 72198 --- [marketplace] [    Test worker] org.hibernate.type.BasicTypeRegistry     : Adding type registration java.util.Calendar -> org.hibernate.type.BasicTypeReference@375084c9
2024-06-15T12:58:20.706+01:00 DEBUG 72198 --- [marketplace] [    Test worker] org.hibernate.type.BasicTypeRegistry     : Adding type registration java.util.GregorianCalendar -> org.hibernate.type.BasicTypeReference@375084c9
2024-06-15T12:58:20.706+01:00 DEBUG 72198 --- [marketplace] [    Test worker] org.hibernate.type.BasicTypeRegistry     : Adding type registration calendar_date -> org.hibernate.type.BasicTypeReference@bd93bc3
2024-06-15T12:58:20.706+01:00 DEBUG 72198 --- [marketplace] [    Test worker] org.hibernate.type.BasicTypeRegistry     : Adding type registration calendar_time -> org.hibernate.type.BasicTypeReference@2a136383
2024-06-15T12:58:20.706+01:00 DEBUG 72198 --- [marketplace] [    Test worker] org.hibernate.type.BasicTypeRegistry     : Adding type registration instant -> org.hibernate.type.BasicTypeReference@b01cb8d
2024-06-15T12:58:20.706+01:00 DEBUG 72198 --- [marketplace] [    Test worker] org.hibernate.type.BasicTypeRegistry     : Adding type registration java.time.Instant -> org.hibernate.type.BasicTypeReference@b01cb8d
2024-06-15T12:58:20.706+01:00 DEBUG 72198 --- [marketplace] [    Test worker] org.hibernate.type.BasicTypeRegistry     : Adding type registration uuid -> org.hibernate.type.BasicTypeReference@38c460e8
2024-06-15T12:58:20.707+01:00 DEBUG 72198 --- [marketplace] [    Test worker] org.hibernate.type.BasicTypeRegistry     : Adding type registration java.util.UUID -> org.hibernate.type.BasicTypeReference@38c460e8
2024-06-15T12:58:20.707+01:00 DEBUG 72198 --- [marketplace] [    Test worker] org.hibernate.type.BasicTypeRegistry     : Adding type registration pg-uuid -> org.hibernate.type.BasicTypeReference@38c460e8
2024-06-15T12:58:20.707+01:00 DEBUG 72198 --- [marketplace] [    Test worker] org.hibernate.type.BasicTypeRegistry     : Adding type registration uuid-binary -> org.hibernate.type.BasicTypeReference@7a814310
2024-06-15T12:58:20.707+01:00 DEBUG 72198 --- [marketplace] [    Test worker] org.hibernate.type.BasicTypeRegistry     : Adding type registration uuid-char -> org.hibernate.type.BasicTypeReference@4bbf38b8
2024-06-15T12:58:20.707+01:00 DEBUG 72198 --- [marketplace] [    Test worker] org.hibernate.type.BasicTypeRegistry     : Adding type registration class -> org.hibernate.type.BasicTypeReference@4e67cfe1
2024-06-15T12:58:20.707+01:00 DEBUG 72198 --- [marketplace] [    Test worker] org.hibernate.type.BasicTypeRegistry     : Adding type registration java.lang.Class -> org.hibernate.type.BasicTypeReference@4e67cfe1
2024-06-15T12:58:20.707+01:00 DEBUG 72198 --- [marketplace] [    Test worker] org.hibernate.type.BasicTypeRegistry     : Adding type registration currency -> org.hibernate.type.BasicTypeReference@55bf35e5
2024-06-15T12:58:20.707+01:00 DEBUG 72198 --- [marketplace] [    Test worker] org.hibernate.type.BasicTypeRegistry     : Adding type registration Currency -> org.hibernate.type.BasicTypeReference@55bf35e5
2024-06-15T12:58:20.708+01:00 DEBUG 72198 --- [marketplace] [    Test worker] org.hibernate.type.BasicTypeRegistry     : Adding type registration java.util.Currency -> org.hibernate.type.BasicTypeReference@55bf35e5
2024-06-15T12:58:20.708+01:00 DEBUG 72198 --- [marketplace] [    Test worker] org.hibernate.type.BasicTypeRegistry     : Adding type registration locale -> org.hibernate.type.BasicTypeReference@25567581
2024-06-15T12:58:20.708+01:00 DEBUG 72198 --- [marketplace] [    Test worker] org.hibernate.type.BasicTypeRegistry     : Adding type registration java.util.Locale -> org.hibernate.type.BasicTypeReference@25567581
2024-06-15T12:58:20.708+01:00 DEBUG 72198 --- [marketplace] [    Test worker] org.hibernate.type.BasicTypeRegistry     : Adding type registration serializable -> org.hibernate.type.BasicTypeReference@179ee36b
2024-06-15T12:58:20.708+01:00 DEBUG 72198 --- [marketplace] [    Test worker] org.hibernate.type.BasicTypeRegistry     : Adding type registration java.io.Serializable -> org.hibernate.type.BasicTypeReference@179ee36b
2024-06-15T12:58:20.708+01:00 DEBUG 72198 --- [marketplace] [    Test worker] org.hibernate.type.BasicTypeRegistry     : Adding type registration timezone -> org.hibernate.type.BasicTypeReference@67763ebe
2024-06-15T12:58:20.708+01:00 DEBUG 72198 --- [marketplace] [    Test worker] org.hibernate.type.BasicTypeRegistry     : Adding type registration java.util.TimeZone -> org.hibernate.type.BasicTypeReference@67763ebe
2024-06-15T12:58:20.708+01:00 DEBUG 72198 --- [marketplace] [    Test worker] org.hibernate.type.BasicTypeRegistry     : Adding type registration ZoneOffset -> org.hibernate.type.BasicTypeReference@4b4a2fa8
2024-06-15T12:58:20.708+01:00 DEBUG 72198 --- [marketplace] [    Test worker] org.hibernate.type.BasicTypeRegistry     : Adding type registration java.time.ZoneOffset -> org.hibernate.type.BasicTypeReference@4b4a2fa8
2024-06-15T12:58:20.708+01:00 DEBUG 72198 --- [marketplace] [    Test worker] org.hibernate.type.BasicTypeRegistry     : Adding type registration url -> org.hibernate.type.BasicTypeReference@5da6b13d
2024-06-15T12:58:20.709+01:00 DEBUG 72198 --- [marketplace] [    Test worker] org.hibernate.type.BasicTypeRegistry     : Adding type registration java.net.URL -> org.hibernate.type.BasicTypeReference@5da6b13d
2024-06-15T12:58:20.709+01:00 DEBUG 72198 --- [marketplace] [    Test worker] org.hibernate.type.BasicTypeRegistry     : Adding type registration vector -> org.hibernate.type.BasicTypeReference@3dc39459
2024-06-15T12:58:20.709+01:00 DEBUG 72198 --- [marketplace] [    Test worker] org.hibernate.type.BasicTypeRegistry     : Adding type registration row_version -> org.hibernate.type.BasicTypeReference@6b16de91
2024-06-15T12:58:20.712+01:00 DEBUG 72198 --- [marketplace] [    Test worker] org.hibernate.type.BasicTypeRegistry     : Adding type registration object -> org.hibernate.type.JavaObjectType@3ec9f8d
2024-06-15T12:58:20.712+01:00 DEBUG 72198 --- [marketplace] [    Test worker] org.hibernate.type.BasicTypeRegistry     : Adding type registration java.lang.Object -> org.hibernate.type.JavaObjectType@3ec9f8d
2024-06-15T12:58:20.713+01:00 DEBUG 72198 --- [marketplace] [    Test worker] org.hibernate.type.BasicTypeRegistry     : Adding type registration null -> org.hibernate.type.NullType@161d95c6
2024-06-15T12:58:20.714+01:00 DEBUG 72198 --- [marketplace] [    Test worker] org.hibernate.type.BasicTypeRegistry     : Adding type registration imm_date -> org.hibernate.type.BasicTypeReference@5203c80f
2024-06-15T12:58:20.714+01:00 DEBUG 72198 --- [marketplace] [    Test worker] org.hibernate.type.BasicTypeRegistry     : Adding type registration imm_time -> org.hibernate.type.BasicTypeReference@721bf7ad
2024-06-15T12:58:20.714+01:00 DEBUG 72198 --- [marketplace] [    Test worker] org.hibernate.type.BasicTypeRegistry     : Adding type registration imm_timestamp -> org.hibernate.type.BasicTypeReference@852ef8d
2024-06-15T12:58:20.714+01:00 DEBUG 72198 --- [marketplace] [    Test worker] org.hibernate.type.BasicTypeRegistry     : Adding type registration imm_calendar -> org.hibernate.type.BasicTypeReference@44dd0d38
2024-06-15T12:58:20.714+01:00 DEBUG 72198 --- [marketplace] [    Test worker] org.hibernate.type.BasicTypeRegistry     : Adding type registration imm_calendar_date -> org.hibernate.type.BasicTypeReference@7e94e331
2024-06-15T12:58:20.714+01:00 DEBUG 72198 --- [marketplace] [    Test worker] org.hibernate.type.BasicTypeRegistry     : Adding type registration imm_calendar_time -> org.hibernate.type.BasicTypeReference@539fc5d1
2024-06-15T12:58:20.714+01:00 DEBUG 72198 --- [marketplace] [    Test worker] org.hibernate.type.BasicTypeRegistry     : Adding type registration imm_binary -> org.hibernate.type.BasicTypeReference@4cae66a8
2024-06-15T12:58:20.714+01:00 DEBUG 72198 --- [marketplace] [    Test worker] org.hibernate.type.BasicTypeRegistry     : Adding type registration imm_serializable -> org.hibernate.type.BasicTypeReference@60b616c8
2024-06-15T12:58:20.878+01:00  INFO 72198 --- [marketplace] [    Test worker] o.s.o.j.p.SpringPersistenceUnitInfo      : No LoadTimeWeaver setup: ignoring JPA class transformer
2024-06-15T12:58:20.898+01:00  INFO 72198 --- [marketplace] [    Test worker] com.zaxxer.hikari.HikariDataSource       : HikariPool-1 - Starting...
2024-06-15T12:58:21.012+01:00  INFO 72198 --- [marketplace] [    Test worker] com.zaxxer.hikari.pool.HikariPool        : HikariPool-1 - Added connection com.mysql.cj.jdbc.ConnectionImpl@6814262d
2024-06-15T12:58:21.017+01:00  INFO 72198 --- [marketplace] [    Test worker] com.zaxxer.hikari.HikariDataSource       : HikariPool-1 - Start completed.
2024-06-15T12:58:21.033+01:00  WARN 72198 --- [marketplace] [    Test worker] org.hibernate.orm.deprecation            : HHH90000025: MySQL8Dialect does not need to be specified explicitly using 'hibernate.dialect' (remove the property setting and it will be selected by default)
2024-06-15T12:58:21.034+01:00  WARN 72198 --- [marketplace] [    Test worker] org.hibernate.orm.deprecation            : HHH90000026: MySQL8Dialect has been deprecated; use org.hibernate.dialect.MySQLDialect instead
2024-06-15T12:58:21.052+01:00 DEBUG 72198 --- [marketplace] [    Test worker] o.h.t.d.sql.spi.DdlTypeRegistry          : addDescriptor(12, org.hibernate.type.descriptor.sql.internal.CapacityDependentDdlType@6a543e09) replaced previous registration(org.hibernate.type.descriptor.sql.internal.CapacityDependentDdlType@2d0f548a)
2024-06-15T12:58:21.053+01:00 DEBUG 72198 --- [marketplace] [    Test worker] o.h.t.d.sql.spi.DdlTypeRegistry          : addDescriptor(-9, org.hibernate.type.descriptor.sql.internal.CapacityDependentDdlType@1fc3df43) replaced previous registration(org.hibernate.type.descriptor.sql.internal.CapacityDependentDdlType@15130002)
2024-06-15T12:58:21.053+01:00 DEBUG 72198 --- [marketplace] [    Test worker] o.h.t.d.sql.spi.DdlTypeRegistry          : addDescriptor(-3, org.hibernate.type.descriptor.sql.internal.CapacityDependentDdlType@5e7cd0df) replaced previous registration(org.hibernate.type.descriptor.sql.internal.CapacityDependentDdlType@900649e)
2024-06-15T12:58:21.053+01:00 DEBUG 72198 --- [marketplace] [    Test worker] o.h.t.d.sql.spi.DdlTypeRegistry          : addDescriptor(4003, org.hibernate.type.descriptor.sql.internal.DdlTypeImpl@8b89b3a) replaced previous registration(org.hibernate.type.descriptor.sql.internal.DdlTypeImpl@526893f)
2024-06-15T12:58:21.053+01:00 DEBUG 72198 --- [marketplace] [    Test worker] o.h.t.d.sql.spi.DdlTypeRegistry          : addDescriptor(4001, org.hibernate.type.descriptor.sql.internal.DdlTypeImpl@3de45b6c) replaced previous registration(org.hibernate.type.descriptor.sql.internal.DdlTypeImpl@37caecda)
2024-06-15T12:58:21.053+01:00 DEBUG 72198 --- [marketplace] [    Test worker] o.h.t.d.sql.spi.DdlTypeRegistry          : addDescriptor(4002, org.hibernate.type.descriptor.sql.internal.DdlTypeImpl@7be7c052) replaced previous registration(org.hibernate.type.descriptor.sql.internal.DdlTypeImpl@4ab9d160)
2024-06-15T12:58:21.053+01:00 DEBUG 72198 --- [marketplace] [    Test worker] o.h.t.d.sql.spi.DdlTypeRegistry          : addDescriptor(2004, org.hibernate.type.descriptor.sql.internal.CapacityDependentDdlType@5599dc60) replaced previous registration(org.hibernate.type.descriptor.sql.internal.DdlTypeImpl@35554635)
2024-06-15T12:58:21.054+01:00 DEBUG 72198 --- [marketplace] [    Test worker] o.h.t.d.sql.spi.DdlTypeRegistry          : addDescriptor(2005, org.hibernate.type.descriptor.sql.internal.CapacityDependentDdlType@70f5f59d) replaced previous registration(org.hibernate.type.descriptor.sql.internal.DdlTypeImpl@74431832)
2024-06-15T12:58:21.054+01:00 DEBUG 72198 --- [marketplace] [    Test worker] o.h.t.d.sql.spi.DdlTypeRegistry          : addDescriptor(2011, org.hibernate.type.descriptor.sql.internal.CapacityDependentDdlType@6fa2a006) replaced previous registration(org.hibernate.type.descriptor.sql.internal.DdlTypeImpl@70592729)
2024-06-15T12:58:21.055+01:00 DEBUG 72198 --- [marketplace] [    Test worker] o.h.t.d.jdbc.spi.JdbcTypeRegistry        : addDescriptor(NCharTypeDescriptor) replaced previous registration(CharTypeDescriptor)
2024-06-15T12:58:21.055+01:00 DEBUG 72198 --- [marketplace] [    Test worker] o.h.t.d.jdbc.spi.JdbcTypeRegistry        : addDescriptor(NVarcharTypeDescriptor) replaced previous registration(VarcharTypeDescriptor)
2024-06-15T12:58:21.056+01:00 DEBUG 72198 --- [marketplace] [    Test worker] o.h.t.d.jdbc.spi.JdbcTypeRegistry        : addDescriptor(LongNVarcharTypeDescriptor) replaced previous registration(LongVarcharTypeDescriptor)
2024-06-15T12:58:21.057+01:00 DEBUG 72198 --- [marketplace] [    Test worker] o.h.t.d.jdbc.spi.JdbcTypeRegistry        : addDescriptor(NClobTypeDescriptor(DEFAULT)) replaced previous registration(ClobTypeDescriptor(DEFAULT))
2024-06-15T12:58:21.057+01:00 DEBUG 72198 --- [marketplace] [    Test worker] o.h.t.d.jdbc.spi.JdbcTypeRegistry        : addDescriptor(2005, ClobTypeDescriptor(STREAM_BINDING)) replaced previous registration(ClobTypeDescriptor(DEFAULT))
2024-06-15T12:58:21.060+01:00 DEBUG 72198 --- [marketplace] [    Test worker] org.hibernate.type.BasicTypeRegistry     : Adding type registration null -> org.hibernate.type.NullType@4470106b
2024-06-15T12:58:21.060+01:00 DEBUG 72198 --- [marketplace] [    Test worker] org.hibernate.type.BasicTypeRegistry     : Type registration key [null] overrode previous entry : `org.hibernate.type.NullType@161d95c6`
2024-06-15T12:58:21.063+01:00 DEBUG 72198 --- [marketplace] [    Test worker] org.hibernate.type.BasicTypeRegistry     : Adding type registration org.hibernate.type.DurationType -> basicType@1(java.time.Duration,3015)
2024-06-15T12:58:21.063+01:00 DEBUG 72198 --- [marketplace] [    Test worker] org.hibernate.type.BasicTypeRegistry     : Adding type registration Duration -> basicType@1(java.time.Duration,3015)
2024-06-15T12:58:21.063+01:00 DEBUG 72198 --- [marketplace] [    Test worker] org.hibernate.type.BasicTypeRegistry     : Adding type registration java.time.Duration -> basicType@1(java.time.Duration,3015)
2024-06-15T12:58:21.066+01:00 DEBUG 72198 --- [marketplace] [    Test worker] org.hibernate.type.BasicTypeRegistry     : Adding type registration org.hibernate.type.OffsetDateTimeType -> basicType@2(java.time.OffsetDateTime,3003)
2024-06-15T12:58:21.066+01:00 DEBUG 72198 --- [marketplace] [    Test worker] org.hibernate.type.BasicTypeRegistry     : Adding type registration OffsetDateTime -> basicType@2(java.time.OffsetDateTime,3003)
2024-06-15T12:58:21.066+01:00 DEBUG 72198 --- [marketplace] [    Test worker] org.hibernate.type.BasicTypeRegistry     : Adding type registration java.time.OffsetDateTime -> basicType@2(java.time.OffsetDateTime,3003)
2024-06-15T12:58:21.066+01:00 DEBUG 72198 --- [marketplace] [    Test worker] org.hibernate.type.BasicTypeRegistry     : Adding type registration org.hibernate.type.ZonedDateTimeType -> basicType@3(java.time.ZonedDateTime,3003)
2024-06-15T12:58:21.066+01:00 DEBUG 72198 --- [marketplace] [    Test worker] org.hibernate.type.BasicTypeRegistry     : Adding type registration ZonedDateTime -> basicType@3(java.time.ZonedDateTime,3003)
2024-06-15T12:58:21.066+01:00 DEBUG 72198 --- [marketplace] [    Test worker] org.hibernate.type.BasicTypeRegistry     : Adding type registration java.time.ZonedDateTime -> basicType@3(java.time.ZonedDateTime,3003)
2024-06-15T12:58:21.067+01:00 DEBUG 72198 --- [marketplace] [    Test worker] org.hibernate.type.BasicTypeRegistry     : Adding type registration org.hibernate.type.OffsetTimeType -> basicType@4(java.time.OffsetTime,3007)
2024-06-15T12:58:21.067+01:00 DEBUG 72198 --- [marketplace] [    Test worker] org.hibernate.type.BasicTypeRegistry     : Adding type registration OffsetTime -> basicType@4(java.time.OffsetTime,3007)
2024-06-15T12:58:21.067+01:00 DEBUG 72198 --- [marketplace] [    Test worker] org.hibernate.type.BasicTypeRegistry     : Adding type registration java.time.OffsetTime -> basicType@4(java.time.OffsetTime,3007)
2024-06-15T12:58:21.068+01:00 DEBUG 72198 --- [marketplace] [    Test worker] o.h.type.spi.TypeConfiguration$Scope     : Scoping TypeConfiguration [org.hibernate.type.spi.TypeConfiguration@53fbb2b4] to MetadataBuildingContext [org.hibernate.boot.internal.MetadataBuildingContextRootImpl@7434ee13]
2024-06-15T12:58:21.673+01:00  INFO 72198 --- [marketplace] [    Test worker] o.h.e.t.j.p.i.JtaPlatformInitiator       : HHH000489: No JTA platform available (set 'hibernate.transaction.jta.platform' to enable JTA platform integration)
2024-06-15T12:58:21.674+01:00 DEBUG 72198 --- [marketplace] [    Test worker] o.h.type.spi.TypeConfiguration$Scope     : Scoping TypeConfiguration [org.hibernate.type.spi.TypeConfiguration@53fbb2b4] to SessionFactoryImplementor [org.hibernate.internal.SessionFactoryImpl@463a1f47]
2024-06-15T12:58:21.729+01:00 TRACE 72198 --- [marketplace] [    Test worker] o.h.type.spi.TypeConfiguration$Scope     : Handling #sessionFactoryCreated from [org.hibernate.internal.SessionFactoryImpl@463a1f47] for TypeConfiguration
2024-06-15T12:58:21.730+01:00  INFO 72198 --- [marketplace] [    Test worker] j.LocalContainerEntityManagerFactoryBean : Initialized JPA EntityManagerFactory for persistence unit 'default'
2024-06-15T12:58:21.998+01:00  INFO 72198 --- [marketplace] [    Test worker] r$InitializeUserDetailsManagerConfigurer : Global AuthenticationManager configured with UserDetailsService bean with name userServiceImpl
2024-06-15T12:58:22.184+01:00  WARN 72198 --- [marketplace] [    Test worker] JpaBaseConfiguration$JpaWebConfiguration : spring.jpa.open-in-view is enabled by default. Therefore, database queries may be performed during view rendering. Explicitly configure spring.jpa.open-in-view to disable this warning
2024-06-15T12:58:22.418+01:00  INFO 72198 --- [marketplace] [    Test worker] o.s.s.web.DefaultSecurityFilterChain     : Will secure any request with [org.springframework.security.web.session.DisableEncodeUrlFilter@7c1f3125, org.springframework.security.web.context.request.async.WebAsyncManagerIntegrationFilter@44b1d2fa, org.springframework.security.web.context.SecurityContextHolderFilter@25ee3cd6, org.springframework.security.web.header.HeaderWriterFilter@eccaf1b, org.springframework.web.filter.CorsFilter@69eb1f23, org.springframework.security.web.authentication.logout.LogoutFilter@1c5f6292, pt.diogo.marketplace.filter.SecurityFilter@56fc2cea, org.springframework.security.web.savedrequest.RequestCacheAwareFilter@100d5018, org.springframework.security.web.servletapi.SecurityContextHolderAwareRequestFilter@12f32f99, org.springframework.security.web.authentication.AnonymousAuthenticationFilter@2c9af700, org.springframework.security.web.session.SessionManagementFilter@4f93303f, org.springframework.security.web.access.ExceptionTranslationFilter@1545ef47, org.springframework.security.web.access.intercept.AuthorizationFilter@2643caa6]
2024-06-15T12:58:22.675+01:00  INFO 72198 --- [marketplace] [    Test worker] o.s.b.t.m.w.SpringBootMockServletContext : Initializing Spring TestDispatcherServlet ''
2024-06-15T12:58:22.675+01:00  INFO 72198 --- [marketplace] [    Test worker] o.s.t.web.servlet.TestDispatcherServlet  : Initializing Servlet ''
2024-06-15T12:58:22.676+01:00  INFO 72198 --- [marketplace] [    Test worker] o.s.t.web.servlet.TestDispatcherServlet  : Completed initialization in 1 ms
2024-06-15T12:58:22.698+01:00  INFO 72198 --- [marketplace] [    Test worker] p.d.m.controller.ProductControllerTest   : Started ProductControllerTest in 3.363 seconds (process running for 4.262)
2024-06-15T12:58:23.112+01:00 DEBUG 72198 --- [marketplace] [    Test worker] o.s.security.web.FilterChainProxy        : Securing GET /product/id/1
2024-06-15T12:58:23.117+01:00 DEBUG 72198 --- [marketplace] [    Test worker] o.s.s.w.a.AnonymousAuthenticationFilter  : Set SecurityContextHolder to anonymous SecurityContext
2024-06-15T12:58:23.118+01:00 DEBUG 72198 --- [marketplace] [    Test worker] o.s.security.web.FilterChainProxy        : Secured GET /product/id/1
2024-06-15T12:58:23.184+01:00 DEBUG 72198 --- [marketplace] [    Test worker] org.hibernate.SQL                        : select p1_0.id,p1_0.date_of_publication,p1_0.description,p1_0.name,p1_0.price,p1_0.user_email,c1_0.product_id,c1_0.category from product p1_0 left join product_category c1_0 on p1_0.id=c1_0.product_id where p1_0.id=?
2024-06-15T12:58:23.193+01:00 DEBUG 72198 --- [marketplace] [    Test worker] org.hibernate.SQL                        : select u1_0.email,u1_0.first_name,u1_0.last_name,u1_0.password,u1_0.role from user u1_0 where u1_0.email=?
]]></system-out>
  <system-err><![CDATA[WARNING: A Java agent has been loaded dynamically (/home/diogo/.gradle/caches/modules-2/files-2.1/net.bytebuddy/byte-buddy-agent/1.14.16/4a451ee6484abac3a498df0f3b33ed00a6fced4d/byte-buddy-agent-1.14.16.jar)
WARNING: If a serviceability tool is in use, please run with -XX:+EnableDynamicAgentLoading to hide this warning
WARNING: If a serviceability tool is not in use, please run with -Djdk.instrument.traceUsage for more information
WARNING: Dynamic loading of agents will be disallowed by default in a future release
]]></system-err>
</testsuite>
